<?xml version="1.0" encoding="utf-8"?><testsuites name="pytest tests"><testsuite name="pytest" errors="0" failures="0" skipped="0" tests="16" time="10.379" timestamp="2026-03-23T13:27:57.817366+00:00" hostname="agent-env-67282134-4e91-40b3-894e-4c730970c014"><testcase classname="backend.tests.test_admin_tradesafe.TestAdminEndpoints" name="test_admin_stats_requires_auth" time="0.716" /><testcase classname="backend.tests.test_admin_tradesafe.TestAdminEndpoints" name="test_admin_stats_with_auth" time="0.499" /><testcase classname="backend.tests.test_admin_tradesafe.TestAdminEndpoints" name="test_admin_transactions_list" time="0.387" /><testcase classname="backend.tests.test_admin_tradesafe.TestAdminEndpoints" name="test_admin_users_list" time="0.336" /><testcase classname="backend.tests.test_admin_tradesafe.TestAdminEndpoints" name="test_admin_disputes_list" time="0.320" /><testcase classname="backend.tests.test_admin_tradesafe.TestAdminEndpoints" name="test_admin_transaction_detail" time="1.166" /><testcase classname="backend.tests.test_admin_tradesafe.TestAdminEndpoints" name="test_admin_user_detail" time="0.737" /><testcase classname="backend.tests.test_admin_tradesafe.TestAdminEndpoints" name="test_admin_dispute_detail" time="0.915" /><testcase classname="backend.tests.test_admin_tradesafe.TestTradeSafeDeliveryEndpoints" name="test_start_delivery_requires_auth" time="0.340" /><testcase classname="backend.tests.test_admin_tradesafe.TestTradeSafeDeliveryEndpoints" name="test_accept_delivery_requires_auth" time="0.487" /><testcase classname="backend.tests.test_admin_tradesafe.TestTradeSafeDeliveryEndpoints" name="test_start_delivery_not_found" time="0.508" /><testcase classname="backend.tests.test_admin_tradesafe.TestTradeSafeDeliveryEndpoints" name="test_accept_delivery_not_found" time="0.461" /><testcase classname="backend.tests.test_admin_tradesafe.TestTradeSafeDeliveryEndpoints" name="test_start_delivery_wrong_state" time="0.990" /><testcase classname="backend.tests.test_admin_tradesafe.TestTradeSafeDeliveryEndpoints" name="test_accept_delivery_wrong_state" time="1.039" /><testcase classname="backend.tests.test_admin_tradesafe.TestStaticFileServing" name="test_uploads_photos_endpoint" time="0.759" /><testcase classname="backend.tests.test_admin_tradesafe.TestStaticFileServing" name="test_uploads_verification_endpoint" time="0.369" /></testsuite></testsuites>