<?xml version="1.0" encoding="utf-8"?><testsuites name="pytest tests"><testsuite name="pytest" errors="0" failures="0" skipped="0" tests="18" time="4.117" timestamp="2026-03-24T15:23:31.190692+00:00" hostname="agent-env-67282134-4e91-40b3-894e-4c730970c014"><testcase classname="backend.tests.test_admin_monitoring.TestMonitoringAuthProtection" name="test_dashboard_requires_auth" time="0.337" /><testcase classname="backend.tests.test_admin_monitoring.TestMonitoringAuthProtection" name="test_webhook_events_requires_auth" time="0.246" /><testcase classname="backend.tests.test_admin_monitoring.TestMonitoringAuthProtection" name="test_email_logs_requires_auth" time="0.200" /><testcase classname="backend.tests.test_admin_monitoring.TestMonitoringAuthProtection" name="test_admin_actions_requires_auth" time="0.191" /><testcase classname="backend.tests.test_admin_monitoring.TestMonitoringAuthProtection" name="test_retry_webhook_requires_auth" time="0.223" /><testcase classname="backend.tests.test_admin_monitoring.TestMonitoringAuthProtection" name="test_resend_email_requires_auth" time="0.153" /><testcase classname="backend.tests.test_admin_monitoring.TestMonitoringAuthProtection" name="test_update_status_requires_auth" time="0.154" /><testcase classname="backend.tests.test_admin_monitoring.TestMonitoringDashboard" name="test_dashboard_returns_metrics" time="0.247" /><testcase classname="backend.tests.test_admin_monitoring.TestWebhookEvents" name="test_webhook_events_returns_list" time="0.266" /><testcase classname="backend.tests.test_admin_monitoring.TestWebhookEvents" name="test_webhook_events_with_status_filter" time="0.162" /><testcase classname="backend.tests.test_admin_monitoring.TestEmailLogs" name="test_email_logs_returns_list" time="0.203" /><testcase classname="backend.tests.test_admin_monitoring.TestEmailLogs" name="test_email_logs_with_success_filter" time="0.143" /><testcase classname="backend.tests.test_admin_monitoring.TestAdminActions" name="test_admin_actions_returns_list" time="0.222" /><testcase classname="backend.tests.test_admin_monitoring.TestRetryWebhook" name="test_retry_webhook_nonexistent_event" time="0.228" /><testcase classname="backend.tests.test_admin_monitoring.TestResendEmail" name="test_resend_email_nonexistent_transaction" time="0.213" /><testcase classname="backend.tests.test_admin_monitoring.TestUpdateTransactionStatus" name="test_update_status_nonexistent_transaction" time="0.206" /><testcase classname="backend.tests.test_admin_monitoring.TestUpdateTransactionStatus" name="test_update_status_invalid_state" time="0.415" /><testcase classname="backend.tests.test_admin_monitoring.TestUpdateTransactionStatus" name="test_update_status_missing_state" time="0.183" /></testsuite></testsuites>