<?xml version="1.0" encoding="utf-8"?><testsuites name="pytest tests"><testsuite name="pytest" errors="0" failures="0" skipped="0" tests="11" time="2.171" timestamp="2026-03-24T15:39:43.417026+00:00" hostname="agent-env-67282134-4e91-40b3-894e-4c730970c014"><testcase classname="backend.tests.test_alert_system.TestAlertEndpointsAuth" name="test_get_alerts_requires_auth" time="0.296" /><testcase classname="backend.tests.test_alert_system.TestAlertEndpointsAuth" name="test_resolve_alert_requires_auth" time="0.142" /><testcase classname="backend.tests.test_alert_system.TestAlertEndpointsAuth" name="test_test_alert_requires_auth" time="0.153" /><testcase classname="backend.tests.test_alert_system.TestAlertEndpointsWithAuth" name="test_get_alerts_returns_list" time="0.161" /><testcase classname="backend.tests.test_alert_system.TestAlertEndpointsWithAuth" name="test_get_alerts_active_only_filter" time="0.154" /><testcase classname="backend.tests.test_alert_system.TestAlertEndpointsWithAuth" name="test_create_test_alert" time="0.165" /><testcase classname="backend.tests.test_alert_system.TestAlertEndpointsWithAuth" name="test_resolve_alert_success" time="0.200" /><testcase classname="backend.tests.test_alert_system.TestAlertEndpointsWithAuth" name="test_resolve_nonexistent_alert" time="0.130" /><testcase classname="backend.tests.test_alert_system.TestAlertStructure" name="test_alert_has_required_fields" time="0.220" /><testcase classname="backend.tests.test_alert_system.TestAlertTypes" name="test_alert_type_enum_values" time="0.157" /><testcase classname="backend.tests.test_alert_system.TestAlertRateLimiting" name="test_multiple_alerts_created" time="0.273" /></testsuite></testsuites>