<?xml version="1.0" encoding="utf-8"?><testsuites name="pytest tests"><testsuite name="pytest" errors="0" failures="0" skipped="0" tests="17" time="11.617" timestamp="2026-03-24T18:07:53.721044+00:00" hostname="agent-env-67282134-4e91-40b3-894e-4c730970c014"><testcase classname="tests.test_auth_flow.TestHealthEndpoint" name="test_health_returns_200" time="0.664" /><testcase classname="tests.test_auth_flow.TestAuthMeEndpoint" name="test_auth_me_without_token_returns_401" time="0.758" /><testcase classname="tests.test_auth_flow.TestAuthMeEndpoint" name="test_auth_me_with_invalid_token_returns_401" time="1.011" /><testcase classname="tests.test_auth_flow.TestAuthMeEndpoint" name="test_auth_me_with_valid_bearer_token" time="0.527" /><testcase classname="tests.test_auth_flow.TestAuthSessionEndpoint" name="test_session_endpoint_requires_session_id" time="0.976" /><testcase classname="tests.test_auth_flow.TestAuthSessionEndpoint" name="test_session_endpoint_rejects_invalid_session" time="1.975" /><testcase classname="tests.test_auth_flow.TestAuthLogoutEndpoint" name="test_logout_endpoint_exists" time="1.324" /><testcase classname="tests.test_auth_flow.TestProtectedEndpoints" name="test_transactions_requires_auth" time="0.512" /><testcase classname="tests.test_auth_flow.TestProtectedEndpoints" name="test_wallet_requires_auth" time="0.403" /><testcase classname="tests.test_auth_flow.TestProtectedEndpoints" name="test_disputes_requires_auth" time="0.328" /><testcase classname="tests.test_auth_flow.TestProtectedEndpoints" name="test_phone_status_requires_auth" time="0.436" /><testcase classname="tests.test_auth_flow.TestAuthenticatedEndpoints" name="test_transactions_with_auth" time="0.253" /><testcase classname="tests.test_auth_flow.TestAuthenticatedEndpoints" name="test_wallet_with_auth" time="0.483" /><testcase classname="tests.test_auth_flow.TestAuthenticatedEndpoints" name="test_phone_status_with_auth" time="0.332" /><testcase classname="tests.test_auth_flow.TestPublicEndpoints" name="test_platform_settings" time="0.404" /><testcase classname="tests.test_auth_flow.TestPublicEndpoints" name="test_public_stats" time="0.550" /><testcase classname="tests.test_auth_flow.TestPublicEndpoints" name="test_terms" time="0.555" /></testsuite></testsuites>