<?xml version="1.0" encoding="utf-8"?><testsuites name="pytest tests"><testsuite name="pytest" errors="0" failures="0" skipped="0" tests="20" time="6.197" timestamp="2026-03-24T17:04:23.858528+00:00" hostname="agent-env-67282134-4e91-40b3-894e-4c730970c014"><testcase classname="backend.tests.test_backend_refactoring.TestHealthAndRoot" name="test_health_endpoint_returns_200" time="0.704" /><testcase classname="backend.tests.test_backend_refactoring.TestHealthAndRoot" name="test_root_api_endpoint_returns_200" time="0.220" /><testcase classname="backend.tests.test_backend_refactoring.TestPlatformSettings" name="test_platform_settings_returns_200" time="0.176" /><testcase classname="backend.tests.test_backend_refactoring.TestPublicStats" name="test_public_stats_returns_200" time="0.316" /><testcase classname="backend.tests.test_backend_refactoring.TestTermsEndpoint" name="test_terms_returns_200" time="0.216" /><testcase classname="backend.tests.test_backend_refactoring.TestAuthEndpoints" name="test_auth_me_returns_401_without_auth" time="0.343" /><testcase classname="backend.tests.test_backend_refactoring.TestAuthEndpoints" name="test_phone_status_returns_401_without_auth" time="0.231" /><testcase classname="backend.tests.test_backend_refactoring.TestTransactionEndpoints" name="test_transactions_list_returns_401_without_auth" time="0.417" /><testcase classname="backend.tests.test_backend_refactoring.TestTransactionEndpoints" name="test_create_transaction_returns_401_or_422_without_auth" time="0.249" /><testcase classname="backend.tests.test_backend_refactoring.TestShareEndpoints" name="test_share_code_not_found_returns_404" time="0.312" /><testcase classname="backend.tests.test_backend_refactoring.TestShareEndpoints" name="test_share_join_returns_401_without_auth" time="0.462" /><testcase classname="backend.tests.test_backend_refactoring.TestUserEndpoints" name="test_user_profile_returns_401_without_auth" time="0.315" /><testcase classname="backend.tests.test_backend_refactoring.TestUserEndpoints" name="test_wallet_returns_401_without_auth" time="0.306" /><testcase classname="backend.tests.test_backend_refactoring.TestUserEndpoints" name="test_verification_status_returns_401_without_auth" time="0.224" /><testcase classname="backend.tests.test_backend_refactoring.TestDisputeEndpoints" name="test_disputes_list_returns_401_without_auth" time="0.206" /><testcase classname="backend.tests.test_backend_refactoring.TestAdminEndpoints" name="test_admin_users_returns_401_or_403_without_auth" time="0.181" /><testcase classname="backend.tests.test_backend_refactoring.TestAdminEndpoints" name="test_admin_monitoring_returns_401_or_403_without_auth" time="0.147" /><testcase classname="backend.tests.test_backend_refactoring.TestTradeSafeEndpoints" name="test_tradesafe_fee_breakdown_returns_200" time="0.275" /><testcase classname="backend.tests.test_backend_refactoring.TestTradeSafeEndpoints" name="test_tradesafe_fee_breakdown_validates_minimum" time="0.170" /><testcase classname="backend.tests.test_backend_refactoring.TestAPIVersionConsistency" name="test_version_consistency" time="0.481" /></testsuite></testsuites>