<?xml version="1.0" encoding="utf-8"?><testsuites name="pytest tests"><testsuite name="pytest" errors="0" failures="0" skipped="1" tests="14" time="3.210" timestamp="2026-03-17T17:11:39.521303+00:00" hostname="agent-env-67282134-4e91-40b3-894e-4c730970c014"><testcase classname="backend.tests.test_id_verification.TestVerificationStatus" name="test_get_verification_status_authenticated" time="0.320" /><testcase classname="backend.tests.test_id_verification.TestVerificationStatus" name="test_get_verification_status_unauthenticated" time="0.203" /><testcase classname="backend.tests.test_id_verification.TestIDUpload" name="test_upload_jpg_image" time="0.205" /><testcase classname="backend.tests.test_id_verification.TestIDUpload" name="test_upload_png_image" time="0.191" /><testcase classname="backend.tests.test_id_verification.TestIDUpload" name="test_upload_pdf_file" time="0.222"><skipped type="pytest.skip" message="Backend does not accept PDF - frontend/backend mismatch">/app/backend/tests/test_id_verification.py:165: Backend does not accept PDF - frontend/backend mismatch</skipped></testcase><testcase classname="backend.tests.test_id_verification.TestIDUpload" name="test_upload_invalid_file_type" time="0.231" /><testcase classname="backend.tests.test_id_verification.TestIDUpload" name="test_upload_requires_authentication" time="0.269" /><testcase classname="backend.tests.test_id_verification.TestSelfieUpload" name="test_upload_selfie_jpg" time="0.195" /><testcase classname="backend.tests.test_id_verification.TestSelfieUpload" name="test_selfie_requires_authentication" time="0.194" /><testcase classname="backend.tests.test_id_verification.TestPhoneOTP" name="test_send_otp_valid_phone" time="0.232" /><testcase classname="backend.tests.test_id_verification.TestPhoneOTP" name="test_send_otp_invalid_phone" time="0.269" /><testcase classname="backend.tests.test_id_verification.TestPhoneOTP" name="test_send_otp_requires_authentication" time="0.175" /><testcase classname="backend.tests.test_id_verification.TestPhoneOTP" name="test_verify_otp_wrong_code" time="0.216" /><testcase classname="backend.tests.test_id_verification.TestPhoneOTP" name="test_verify_otp_requires_authentication" time="0.221" /></testsuite></testsuites>