<?xml version="1.0" encoding="utf-8"?><testsuites name="pytest tests"><testsuite name="pytest" errors="0" failures="0" skipped="0" tests="19" time="10.869" timestamp="2026-04-06T14:08:30.129132+00:00" hostname="agent-env-67282134-4e91-40b3-894e-4c730970c014"><testcase classname="tests.test_launch_fixes.TestShareLinkResolution" name="test_share_endpoint_exists_and_public" time="1.991" /><testcase classname="tests.test_launch_fixes.TestShareLinkResolution" name="test_share_endpoint_returns_transaction_preview" time="0.568" /><testcase classname="tests.test_launch_fixes.TestEmailLogging" name="test_email_service_import" time="0.019" /><testcase classname="tests.test_launch_fixes.TestEmailLogging" name="test_email_validation_for_invalid_addresses" time="0.010" /><testcase classname="tests.test_launch_fixes.TestSellerConfirmationBlocking" name="test_create_escrow_blocked_without_seller_confirmation" time="0.002" /><testcase classname="tests.test_launch_fixes.TestSellerConfirmationBlocking" name="test_payment_url_blocked_without_seller_confirmation" time="0.002" /><testcase classname="tests.test_launch_fixes.TestMoneyPrecision" name="test_calculate_money_function_uses_decimal" time="0.093" /><testcase classname="tests.test_launch_fixes.TestMoneyPrecision" name="test_seller_receives_field_exists" time="0.001" /><testcase classname="tests.test_launch_fixes.TestMoneyPrecision" name="test_fee_breakdown_endpoint" time="0.891" /><testcase classname="tests.test_launch_fixes.TestMoneyPrecision" name="test_fee_calculation_accuracy" time="0.855" /><testcase classname="tests.test_launch_fixes.TestPaymentFlowSafety" name="test_duplicate_escrow_returns_already_created" time="0.001" /><testcase classname="tests.test_launch_fixes.TestPaymentFlowSafety" name="test_escrow_creation_logs_properly" time="0.001" /><testcase classname="tests.test_launch_fixes.TestUserClarityStatus" name="test_payment_status_values_are_clear" time="0.012" /><testcase classname="tests.test_launch_fixes.TestUserClarityStatus" name="test_share_transaction_shows_status" time="0.013" /><testcase classname="tests.test_launch_fixes.TestMinimumTransactionAmount" name="test_minimum_amount_validation" time="1.242" /><testcase classname="tests.test_launch_fixes.TestMinimumTransactionAmount" name="test_fee_breakdown_rejects_below_minimum" time="0.719" /><testcase classname="tests.test_launch_fixes.TestAPIEndpointsHealth" name="test_health_endpoint" time="0.607" /><testcase classname="tests.test_launch_fixes.TestAPIEndpointsHealth" name="test_platform_settings_endpoint" time="0.699" /><testcase classname="tests.test_launch_fixes.TestAPIEndpointsHealth" name="test_public_stats_endpoint" time="1.059" /></testsuite></testsuites>