<?xml version="1.0" encoding="utf-8"?><testsuites name="pytest tests"><testsuite name="pytest" errors="0" failures="0" skipped="0" tests="12" time="4.317" timestamp="2026-04-20T18:04:05.587050+00:00" hostname="agent-env-67282134-4e91-40b3-894e-4c730970c014"><testcase classname="backend.tests.test_otp_security.TestOtpSecurityBackend" name="test_phone_validation_invalid_format" time="0.431" /><testcase classname="backend.tests.test_otp_security.TestOtpSecurityBackend" name="test_phone_validation_mismatch_with_mask" time="0.253" /><testcase classname="backend.tests.test_otp_security.TestOtpSecurityBackend" name="test_phone_validation_matches_mask" time="1.678" /><testcase classname="backend.tests.test_otp_security.TestOtpSecurityBackend" name="test_rate_limit_response_includes_info" time="0.220" /><testcase classname="backend.tests.test_otp_security.TestOtpSecurityBackend" name="test_cooldown_enforced" time="0.282" /><testcase classname="backend.tests.test_otp_security.TestOtpSecurityBackend" name="test_verify_invalid_otp_shows_remaining_attempts" time="0.200" /><testcase classname="backend.tests.test_otp_security.TestOtpSecurityBackend" name="test_verify_no_otp_found" time="0.244" /><testcase classname="backend.tests.test_otp_security.TestOtpSecurityBackend" name="test_lockout_status_in_response" time="0.236" /><testcase classname="backend.tests.test_otp_security.TestOtpSecurityBackend" name="test_otp_endpoints_exist" time="0.273" /><testcase classname="backend.tests.test_otp_security.TestOtpSecurityBackend" name="test_error_messages_are_clear" time="0.214" /><testcase classname="backend.tests.test_otp_security.TestOtpSecurityBackend" name="test_phone_mismatch_error_is_helpful" time="0.203" /><testcase classname="backend.tests.test_otp_security.TestOtpSecurityConstants" name="test_rate_limit_constants_documented" time="0.001" /></testsuite></testsuites>