<?xml version="1.0" encoding="utf-8"?><testsuites name="pytest tests"><testsuite name="pytest" errors="0" failures="0" skipped="0" tests="13" time="7.811" timestamp="2026-03-05T18:12:26.838493+00:00" hostname="agent-env-67282134-4e91-40b3-894e-4c730970c014"><testcase classname="backend.tests.test_payment_flow.TestAuthValidation" name="test_buyer_auth" time="0.349" /><testcase classname="backend.tests.test_payment_flow.TestAuthValidation" name="test_admin_auth" time="0.389" /><testcase classname="backend.tests.test_payment_flow.TestAuthValidation" name="test_seller_auth" time="0.386" /><testcase classname="backend.tests.test_payment_flow.TestPaymentFlow" name="test_01_initial_payment_status" time="1.137" /><testcase classname="backend.tests.test_payment_flow.TestPaymentFlow" name="test_02_fee_paid_by_visible" time="0.750" /><testcase classname="backend.tests.test_payment_flow.TestPaymentFlow" name="test_03_confirm_delivery_blocked_before_payment" time="0.471" /><testcase classname="backend.tests.test_payment_flow.TestPaymentFlow" name="test_04_seller_confirms_transaction" time="0.792" /><testcase classname="backend.tests.test_payment_flow.TestPaymentFlow" name="test_05_confirm_delivery_still_blocked" time="0.490" /><testcase classname="backend.tests.test_payment_flow.TestPaymentFlow" name="test_06_non_admin_cannot_confirm_payment" time="0.488" /><testcase classname="backend.tests.test_payment_flow.TestPaymentFlow" name="test_07_admin_confirms_payment" time="0.726" /><testcase classname="backend.tests.test_payment_flow.TestPaymentFlow" name="test_08_buyer_can_confirm_delivery_after_payment" time="0.267" /><testcase classname="backend.tests.test_payment_flow.TestConfirmPaymentEdgeCases" name="test_confirm_payment_before_seller_confirm" time="0.584" /><testcase classname="backend.tests.test_payment_flow.TestConfirmPaymentEdgeCases" name="test_confirm_payment_nonexistent_transaction" time="0.291" /></testsuite></testsuites>