<?xml version="1.0" encoding="utf-8"?><testsuites name="pytest tests"><testsuite name="pytest" errors="0" failures="0" skipped="0" tests="10" time="1.374" timestamp="2026-04-12T15:40:16.217785+00:00" hostname="agent-env-67282134-4e91-40b3-894e-4c730970c014"><testcase classname="backend.tests.test_phase5_admin.TestAdminAuthentication" name="test_admin_login" time="0.333" /><testcase classname="backend.tests.test_phase5_admin.TestAdminStats" name="test_admin_stats_endpoint" time="0.218" /><testcase classname="backend.tests.test_phase5_admin.TestAdminStats" name="test_admin_users_list" time="0.051" /><testcase classname="backend.tests.test_phase5_admin.TestAdminStats" name="test_admin_transactions_list" time="0.062" /><testcase classname="backend.tests.test_phase5_admin.TestAdminStats" name="test_admin_disputes_list" time="0.058" /><testcase classname="backend.tests.test_phase5_admin.TestEmailServiceConfiguration" name="test_email_test_endpoint_exists" time="0.288" /><testcase classname="backend.tests.test_phase5_admin.TestSMSServiceConfiguration" name="test_sms_service_env_vars" time="0.001" /><testcase classname="backend.tests.test_phase5_admin.TestAdminNavigation" name="test_escrow_details_endpoint" time="0.197" /><testcase classname="backend.tests.test_phase5_admin.TestAdminNavigation" name="test_flagged_users_endpoint" time="0.057" /><testcase classname="backend.tests.test_phase5_admin.TestAdminNavigation" name="test_pending_auto_releases_endpoint" time="0.059" /></testsuite></testsuites>