<?xml version="1.0" encoding="utf-8"?><testsuites name="pytest tests"><testsuite name="pytest" errors="0" failures="0" skipped="0" tests="9" time="2.919" timestamp="2026-04-20T17:51:19.365300+00:00" hostname="agent-env-67282134-4e91-40b3-894e-4c730970c014"><testcase classname="backend.tests.test_phone_invite_flow.TestPhoneInviteFlow" name="test_backend_is_running" time="0.202" /><testcase classname="backend.tests.test_phone_invite_flow.TestPhoneInviteFlow" name="test_login_test_user_no_phone" time="0.171" /><testcase classname="backend.tests.test_phone_invite_flow.TestPhoneInviteFlow" name="test_login_test_user_with_phone" time="0.177" /><testcase classname="backend.tests.test_phone_invite_flow.TestPhoneInviteFlow" name="test_transaction_access_without_auth" time="0.145" /><testcase classname="backend.tests.test_phone_invite_flow.TestPhoneInviteFlow" name="test_phone_verification_required_response_structure" time="0.248" /><testcase classname="backend.tests.test_phone_invite_flow.TestPhoneInviteFlow" name="test_transaction_response_includes_phone_fields" time="0.270" /><testcase classname="backend.tests.test_phone_invite_flow.TestPhoneInviteFlow" name="test_phone_otp_send_endpoint_exists" time="1.143" /><testcase classname="backend.tests.test_phone_invite_flow.TestPhoneInviteFlow" name="test_phone_otp_verify_endpoint_exists" time="0.222" /><testcase classname="backend.tests.test_phone_invite_flow.TestTransactionPhoneFields" name="test_create_transaction_with_phone_recipient" time="0.277" /></testsuite></testsuites>