<?xml version="1.0" encoding="utf-8"?><testsuites name="pytest tests"><testsuite name="pytest" errors="0" failures="0" skipped="0" tests="12" time="4.948" timestamp="2026-04-06T13:49:24.573139+00:00" hostname="agent-env-67282134-4e91-40b3-894e-4c730970c014"><testcase classname="backend.tests.test_post_creation_fixes.TestShareLinkResolution" name="test_share_endpoint_accessible_without_auth" time="0.906" /><testcase classname="backend.tests.test_post_creation_fixes.TestShareLinkResolution" name="test_share_endpoint_returns_404_for_invalid_code" time="0.127" /><testcase classname="backend.tests.test_post_creation_fixes.TestShareLinkResolution" name="test_share_preview_contains_fee_info" time="0.177" /><testcase classname="backend.tests.test_post_creation_fixes.TestEmailValidation" name="test_transaction_creation_with_phone_invite" time="1.358" /><testcase classname="backend.tests.test_post_creation_fixes.TestEmailValidation" name="test_transaction_creation_with_valid_email" time="0.204" /><testcase classname="backend.tests.test_post_creation_fixes.TestSellerConfirmFeeAgreement" name="test_seller_confirm_endpoint_exists" time="0.117" /><testcase classname="backend.tests.test_post_creation_fixes.TestSellerConfirmFeeAgreement" name="test_seller_confirm_full_flow" time="0.704" /><testcase classname="backend.tests.test_post_creation_fixes.TestSellerConfirmFeeAgreement" name="test_non_seller_cannot_confirm" time="0.125" /><testcase classname="backend.tests.test_post_creation_fixes.TestSellerConfirmFeeAgreement" name="test_already_confirmed_transaction" time="0.131" /><testcase classname="backend.tests.test_post_creation_fixes.TestMinimumTransactionAmount" name="test_transaction_below_minimum_fails" time="0.132" /><testcase classname="backend.tests.test_post_creation_fixes.TestMinimumTransactionAmount" name="test_transaction_at_minimum_succeeds" time="0.181" /><testcase classname="backend.tests.test_post_creation_fixes.TestFeeCalculation" name="test_fee_calculation_correct" time="0.690" /></testsuite></testsuites>