<?xml version="1.0" encoding="utf-8"?><testsuites name="pytest tests"><testsuite name="pytest" errors="0" failures="0" skipped="0" tests="9" time="1.379" timestamp="2026-03-11T16:24:25.530633+00:00" hostname="agent-env-67282134-4e91-40b3-894e-4c730970c014"><testcase classname="backend.tests.test_profile_activity.TestUserProfile" name="test_get_user_profile_authenticated" time="0.288" /><testcase classname="backend.tests.test_profile_activity.TestUserProfile" name="test_trust_score_calculation" time="0.064" /><testcase classname="backend.tests.test_profile_activity.TestUserProfile" name="test_profile_requires_authentication" time="0.200" /><testcase classname="backend.tests.test_profile_activity.TestUserProfile" name="test_profile_not_found_for_invalid_user" time="0.069" /><testcase classname="backend.tests.test_profile_activity.TestUserProfile" name="test_profile_has_trust_metrics" time="0.122" /><testcase classname="backend.tests.test_profile_activity.TestPlatformStats" name="test_get_platform_stats_authenticated" time="0.126" /><testcase classname="backend.tests.test_profile_activity.TestPlatformStats" name="test_platform_stats_values_logical" time="0.083" /><testcase classname="backend.tests.test_profile_activity.TestPlatformStats" name="test_platform_stats_requires_authentication" time="0.060" /><testcase classname="backend.tests.test_profile_activity.TestNavigation" name="test_auth_me_returns_user_id" time="0.125" /></testsuite></testsuites>