<?xml version="1.0" encoding="utf-8"?><testsuites name="pytest tests"><testsuite name="pytest" errors="0" failures="0" skipped="0" tests="8" time="5.471" timestamp="2026-03-05T17:52:09.309593+00:00" hostname="agent-env-67282134-4e91-40b3-894e-4c730970c014"><testcase classname="backend.tests.test_transactions.TestAuthEndpoints" name="test_auth_me_with_valid_token" time="1.708" /><testcase classname="backend.tests.test_transactions.TestAuthEndpoints" name="test_auth_me_without_token" time="0.448" /><testcase classname="backend.tests.test_transactions.TestTransactionCreation" name="test_create_transaction_with_split_fee_default" time="0.280" /><testcase classname="backend.tests.test_transactions.TestTransactionCreation" name="test_create_transaction_buyer_pays_fee" time="0.296" /><testcase classname="backend.tests.test_transactions.TestTransactionCreation" name="test_create_transaction_seller_pays_fee" time="0.453" /><testcase classname="backend.tests.test_transactions.TestTransactionCreation" name="test_create_transaction_missing_fee_paid_by_uses_default" time="0.327" /><testcase classname="backend.tests.test_transactions.TestTransactionRetrieval" name="test_list_user_transactions" time="0.412" /><testcase classname="backend.tests.test_transactions.TestTransactionValidation" name="test_create_transaction_without_auth" time="0.499" /></testsuite></testsuites>