<?xml version="1.0" encoding="utf-8"?><testsuites name="pytest tests"><testsuite name="pytest" errors="0" failures="0" skipped="0" tests="11" time="15.236" timestamp="2026-03-05T18:21:31.276243+00:00" hostname="agent-env-67282134-4e91-40b3-894e-4c730970c014"><testcase classname="backend.tests.test_rating_system.TestRatingValidation" name="test_rating_not_allowed_on_incomplete_transaction" time="1.272" /><testcase classname="backend.tests.test_rating_system.TestRatingValidation" name="test_rating_not_allowed_for_non_participant" time="0.524" /><testcase classname="backend.tests.test_rating_system.TestBuyerRating" name="test_01_transaction_has_rating_fields" time="0.474" /><testcase classname="backend.tests.test_rating_system.TestBuyerRating" name="test_02_buyer_can_rate_completed_transaction" time="2.723" /><testcase classname="backend.tests.test_rating_system.TestBuyerRating" name="test_03_buyer_rating_persisted" time="0.898" /><testcase classname="backend.tests.test_rating_system.TestBuyerRating" name="test_04_buyer_cannot_rate_twice" time="0.729" /><testcase classname="backend.tests.test_rating_system.TestSellerRating" name="test_01_seller_can_rate_completed_transaction" time="1.217" /><testcase classname="backend.tests.test_rating_system.TestSellerRating" name="test_02_seller_rating_persisted" time="1.210" /><testcase classname="backend.tests.test_rating_system.TestSellerRating" name="test_03_seller_cannot_rate_twice" time="0.419" /><testcase classname="backend.tests.test_rating_system.TestRatingValidationRange" name="test_rating_with_optional_review" time="4.305" /><testcase classname="backend.tests.test_rating_system.TestUserAverageRatingUpdate" name="test_user_rating_stats_updated" time="0.406" /></testsuite></testsuites>