<?xml version="1.0" encoding="utf-8"?><testsuites name="pytest tests"><testsuite name="pytest" errors="0" failures="0" skipped="0" tests="12" time="5.513" timestamp="2026-03-11T16:34:00.650306+00:00" hostname="agent-env-67282134-4e91-40b3-894e-4c730970c014"><testcase classname="backend.tests.test_report_autorelease.TestReportUserAPI" name="test_create_report_success" time="1.176" /><testcase classname="backend.tests.test_report_autorelease.TestReportUserAPI" name="test_create_report_without_auth" time="0.448" /><testcase classname="backend.tests.test_report_autorelease.TestReportUserAPI" name="test_create_report_self" time="0.358" /><testcase classname="backend.tests.test_report_autorelease.TestReportUserAPI" name="test_create_report_nonexistent_user" time="0.380" /><testcase classname="backend.tests.test_report_autorelease.TestReportUserAPI" name="test_list_reports_admin" time="0.368" /><testcase classname="backend.tests.test_report_autorelease.TestReportUserAPI" name="test_list_reports_non_admin" time="0.231" /><testcase classname="backend.tests.test_report_autorelease.TestAutoReleaseTimerAPI" name="test_get_pending_auto_releases_admin" time="0.248" /><testcase classname="backend.tests.test_report_autorelease.TestAutoReleaseTimerAPI" name="test_get_pending_auto_releases_non_admin" time="0.260" /><testcase classname="backend.tests.test_report_autorelease.TestAutoReleaseTimerAPI" name="test_process_auto_releases_admin" time="0.227" /><testcase classname="backend.tests.test_report_autorelease.TestAutoReleaseTimerAPI" name="test_process_auto_releases_non_admin" time="0.233" /><testcase classname="backend.tests.test_report_autorelease.TestShareTransactionPreview" name="test_share_endpoint_exists" time="0.288" /><testcase classname="backend.tests.test_report_autorelease.TestPaymentSetsAutoRelease" name="test_confirm_payment_sets_auto_release" time="0.645" /></testsuite></testsuites>