<?xml version="1.0" encoding="utf-8"?><testsuites name="pytest tests"><testsuite name="pytest" errors="0" failures="0" skipped="0" tests="11" time="3.681" timestamp="2026-03-11T16:16:42.843716+00:00" hostname="agent-env-67282134-4e91-40b3-894e-4c730970c014"><testcase classname="backend.tests.test_share_link.TestShareCodeGeneration" name="test_new_transaction_has_share_code" time="0.392" /><testcase classname="backend.tests.test_share_link.TestShareCodeGeneration" name="test_share_code_uniqueness" time="0.542" /><testcase classname="backend.tests.test_share_link.TestSharePreviewEndpoint" name="test_get_share_preview_without_auth" time="0.377" /><testcase classname="backend.tests.test_share_link.TestSharePreviewEndpoint" name="test_share_preview_not_found" time="0.139" /><testcase classname="backend.tests.test_share_link.TestJoinTransactionEndpoint" name="test_join_without_auth_fails" time="0.151" /><testcase classname="backend.tests.test_share_link.TestJoinTransactionEndpoint" name="test_join_with_matching_email" time="0.294" /><testcase classname="backend.tests.test_share_link.TestJoinTransactionEndpoint" name="test_join_with_non_matching_email_fails" time="0.327" /><testcase classname="backend.tests.test_share_link.TestJoinTransactionEndpoint" name="test_join_already_linked_user" time="0.511" /><testcase classname="backend.tests.test_share_link.TestExistingTransactionShareCode" name="test_existing_transaction_gets_share_code_on_fetch" time="0.302" /><testcase classname="backend.tests.test_share_link.TestSellerCreatedTransaction" name="test_seller_created_transaction_share_code" time="0.161" /><testcase classname="backend.tests.test_share_link.TestSellerCreatedTransaction" name="test_buyer_can_join_seller_created_transaction" time="0.156" /></testsuite></testsuites>