<?xml version="1.0" encoding="utf-8"?><testsuites name="pytest tests"><testsuite name="pytest" errors="0" failures="0" skipped="6" tests="23" time="5.004" timestamp="2026-03-18T15:39:28.599572+00:00" hostname="agent-env-67282134-4e91-40b3-894e-4c730970c014"><testcase classname="backend.tests.test_tradesafe_integration.TestPlatformSettings" name="test_platform_settings_returns_minimum_amount" time="0.275" /><testcase classname="backend.tests.test_tradesafe_integration.TestPlatformSettings" name="test_platform_settings_returns_payment_methods" time="0.196" /><testcase classname="backend.tests.test_tradesafe_integration.TestPlatformSettings" name="test_platform_settings_returns_all_fields" time="0.165" /><testcase classname="backend.tests.test_tradesafe_integration.TestFeeBreakdown" name="test_fee_breakdown_with_valid_amount" time="0.160" /><testcase classname="backend.tests.test_tradesafe_integration.TestFeeBreakdown" name="test_fee_breakdown_buyer_pays" time="0.191" /><testcase classname="backend.tests.test_tradesafe_integration.TestFeeBreakdown" name="test_fee_breakdown_seller_pays" time="0.166" /><testcase classname="backend.tests.test_tradesafe_integration.TestFeeBreakdown" name="test_fee_breakdown_split_fees" time="0.157" /><testcase classname="backend.tests.test_tradesafe_integration.TestFeeBreakdown" name="test_fee_breakdown_below_minimum_rejected" time="0.168" /><testcase classname="backend.tests.test_tradesafe_integration.TestFeeBreakdown" name="test_fee_breakdown_exact_minimum" time="0.181" /><testcase classname="backend.tests.test_tradesafe_integration.TestTradeSafeWebhook" name="test_webhook_accepts_funds_received" time="0.195" /><testcase classname="backend.tests.test_tradesafe_integration.TestTradeSafeWebhook" name="test_webhook_accepts_delivered_event" time="0.170" /><testcase classname="backend.tests.test_tradesafe_integration.TestTradeSafeWebhook" name="test_webhook_accepts_funds_released" time="0.165" /><testcase classname="backend.tests.test_tradesafe_integration.TestTradeSafeWebhook" name="test_webhook_accepts_disputed" time="0.253" /><testcase classname="backend.tests.test_tradesafe_integration.TestTradeSafeAuthRequired" name="test_create_transaction_endpoint_conflict" time="0.153" /><testcase classname="backend.tests.test_tradesafe_integration.TestTradeSafeAuthRequired" name="test_payment_url_requires_auth" time="0.206" /><testcase classname="backend.tests.test_tradesafe_integration.TestTradeSafeAuthRequired" name="test_start_delivery_requires_auth" time="0.167" /><testcase classname="backend.tests.test_tradesafe_integration.TestTradeSafeAuthRequired" name="test_accept_delivery_requires_auth" time="0.200" /><testcase classname="backend.tests.test_tradesafe_integration.TestTradeSafeAuthenticatedEndpoints" name="test_auth_me_with_session" time="1.699"><skipped type="pytest.skip" message="Session creation requires local mongosh - skipping">/app/backend/tests/test_tradesafe_integration.py:316: Session creation requires local mongosh - skipping</skipped></testcase><testcase classname="backend.tests.test_tradesafe_integration.TestTradeSafeAuthenticatedEndpoints" name="test_create_transaction_with_auth_not_found" time="0.001"><skipped type="pytest.skip" message="Duplicate endpoint bug - see test_create_transaction_endpoint_conflict">/app/backend/tests/test_tradesafe_integration.py:320: Duplicate endpoint bug - see test_create_transaction_endpoint_conflict</skipped></testcase><testcase classname="backend.tests.test_tradesafe_integration.TestTradeSafeAuthenticatedEndpoints" name="test_payment_url_with_auth_not_found" time="0.001"><skipped type="pytest.skip" message="Session creation requires local mongosh">/app/backend/tests/test_tradesafe_integration.py:324: Session creation requires local mongosh</skipped></testcase><testcase classname="backend.tests.test_tradesafe_integration.TestTradeSafeAuthenticatedEndpoints" name="test_start_delivery_with_auth_not_found" time="0.001"><skipped type="pytest.skip" message="Session creation requires local mongosh">/app/backend/tests/test_tradesafe_integration.py:328: Session creation requires local mongosh</skipped></testcase><testcase classname="backend.tests.test_tradesafe_integration.TestTradeSafeAuthenticatedEndpoints" name="test_accept_delivery_with_auth_not_found" time="0.001"><skipped type="pytest.skip" message="Session creation requires local mongosh">/app/backend/tests/test_tradesafe_integration.py:332: Session creation requires local mongosh</skipped></testcase><testcase classname="backend.tests.test_tradesafe_integration.TestTransactionMinimum" name="test_create_transaction_below_minimum" time="0.001"><skipped type="pytest.skip" message="Requires auth session - covered by frontend test">/app/backend/tests/test_tradesafe_integration.py:340: Requires auth session - covered by frontend test</skipped></testcase></testsuite></testsuites>