<?xml version="1.0" encoding="utf-8"?><testsuites name="pytest tests"><testsuite name="pytest" errors="0" failures="0" skipped="0" tests="21" time="4.061" timestamp="2026-03-11T16:48:14.523055+00:00" hostname="agent-env-67282134-4e91-40b3-894e-4c730970c014"><testcase classname="backend.tests.test_verification_scam.TestVerificationStatus" name="test_verification_status_returns_200" time="0.355" /><testcase classname="backend.tests.test_verification_scam.TestVerificationStatus" name="test_verification_status_requires_auth" time="0.169" /><testcase classname="backend.tests.test_verification_scam.TestIdUpload" name="test_id_upload_success" time="0.188" /><testcase classname="backend.tests.test_verification_scam.TestIdUpload" name="test_id_upload_requires_auth" time="0.184" /><testcase classname="backend.tests.test_verification_scam.TestSelfieUpload" name="test_selfie_upload_success" time="0.295" /><testcase classname="backend.tests.test_verification_scam.TestSelfieUpload" name="test_selfie_upload_requires_auth" time="0.173" /><testcase classname="backend.tests.test_verification_scam.TestPhoneOtp" name="test_send_otp_success" time="0.189" /><testcase classname="backend.tests.test_verification_scam.TestPhoneOtp" name="test_send_otp_invalid_phone" time="0.192" /><testcase classname="backend.tests.test_verification_scam.TestPhoneOtp" name="test_send_otp_requires_auth" time="0.164" /><testcase classname="backend.tests.test_verification_scam.TestPhoneOtp" name="test_verify_otp_wrong_code" time="0.134" /><testcase classname="backend.tests.test_verification_scam.TestPhoneOtp" name="test_verify_otp_requires_auth" time="0.213" /><testcase classname="backend.tests.test_verification_scam.TestScamDetectionFlaggedUsers" name="test_flagged_users_admin_success" time="0.286" /><testcase classname="backend.tests.test_verification_scam.TestScamDetectionFlaggedUsers" name="test_flagged_users_non_admin_forbidden" time="0.175" /><testcase classname="backend.tests.test_verification_scam.TestScamDetectionFlaggedUsers" name="test_flagged_users_no_auth" time="0.135" /><testcase classname="backend.tests.test_verification_scam.TestScamDetectionFlaggedTransactions" name="test_flagged_transactions_admin_success" time="0.122" /><testcase classname="backend.tests.test_verification_scam.TestScamDetectionFlaggedTransactions" name="test_flagged_transactions_non_admin_forbidden" time="0.131" /><testcase classname="backend.tests.test_verification_scam.TestRiskAssessmentInTransaction" name="test_transaction_includes_risk_level" time="0.136" /><testcase classname="backend.tests.test_verification_scam.TestUserRiskAssessment" name="test_user_risk_self_access" time="0.174" /><testcase classname="backend.tests.test_verification_scam.TestUserRiskAssessment" name="test_admin_can_view_any_user_risk" time="0.138" /><testcase classname="backend.tests.test_verification_scam.TestUserRiskAssessment" name="test_non_admin_cannot_view_other_user_risk" time="0.123" /><testcase classname="backend.tests.test_verification_scam.TestUserProfile" name="test_user_profile_includes_trust_metrics" time="0.133" /></testsuite></testsuites>